ARM GAS  C:\Users\·¶\AppData\Local\Temp\ccbrpx9B.s 			page 1


   1              		.cpu cortex-m4
   2              		.arch armv7e-m
   3              		.fpu fpv4-sp-d16
   4              		.eabi_attribute 27, 1
   5              		.eabi_attribute 28, 1
   6              		.eabi_attribute 20, 1
   7              		.eabi_attribute 21, 1
   8              		.eabi_attribute 23, 3
   9              		.eabi_attribute 24, 1
  10              		.eabi_attribute 25, 1
  11              		.eabi_attribute 26, 1
  12              		.eabi_attribute 30, 1
  13              		.eabi_attribute 34, 1
  14              		.eabi_attribute 18, 4
  15              		.file	"main.c"
  16              		.text
  17              	.Ltext0:
  18              		.cfi_sections	.debug_frame
  19              		.file 1 "Core/Src/main.c"
  20              		.section	.text.main,"ax",%progbits
  21              		.align	1
  22              		.global	main
  23              		.syntax unified
  24              		.thumb
  25              		.thumb_func
  27              	main:
  28              	.LFB130:
   1:Core/Src/main.c **** #include "stm32f4xx.h"
   2:Core/Src/main.c **** 
   3:Core/Src/main.c **** int main(void)
   4:Core/Src/main.c **** {
  29              		.loc 1 4 1 view -0
  30              		.cfi_startproc
  31              		@ Volatile: function does not return.
  32              		@ args = 0, pretend = 0, frame = 0
  33              		@ frame_needed = 0, uses_anonymous_args = 0
  34              		@ link register save eliminated.
   5:Core/Src/main.c ****     // 1. æ‰“å¼€GPIOBæ—¶é’Ÿ (AHB1)
   6:Core/Src/main.c ****     RCC->AHB1ENR |= RCC_AHB1ENR_GPIOBEN;
  35              		.loc 1 6 5 view .LVU1
  36              		.loc 1 6 8 is_stmt 0 view .LVU2
  37 0000 064A     		ldr	r2, .L3
  38 0002 136B     		ldr	r3, [r2, #48]
  39              		.loc 1 6 18 view .LVU3
  40 0004 43F00203 		orr	r3, r3, #2
  41 0008 1363     		str	r3, [r2, #48]
   7:Core/Src/main.c **** 
   8:Core/Src/main.c ****     // 2. é…ç½®PB0/1/2/6/7/14ä¸ºæŽ¨æŒ½è¾“å‡º
   9:Core/Src/main.c ****     //    (æ¯ä¸ªå¼•è„šMODEå¯„å­˜å™¨ç½® '01')
  10:Core/Src/main.c ****     GPIOB->MODER |= (1U << (0 * 2))   // PB0
  42              		.loc 1 10 5 is_stmt 1 view .LVU4
  43              		.loc 1 10 10 is_stmt 0 view .LVU5
  44 000a 054B     		ldr	r3, .L3+4
  45 000c 1968     		ldr	r1, [r3]
  46              		.loc 1 10 18 view .LVU6
  47 000e 054A     		ldr	r2, .L3+8
  48 0010 0A43     		orrs	r2, r2, r1
ARM GAS  C:\Users\·¶\AppData\Local\Temp\ccbrpx9B.s 			page 2


  49 0012 1A60     		str	r2, [r3]
  11:Core/Src/main.c ****                  |  (1U << (1 * 2))   // PB1
  12:Core/Src/main.c ****                  |  (1U << (2 * 2))   // PB2
  13:Core/Src/main.c ****                  |  (1U << (6 * 2))   // PB6
  14:Core/Src/main.c ****                  |  (1U << (7 * 2))   // PB7
  15:Core/Src/main.c ****                  |  (1U << (14 * 2)); // PB14
  16:Core/Src/main.c ****     //  å…¶ä»–å¦‚ OTYPER/OSPEEDR/PUPDR åœ¨å¤šæ•°æƒ…å†µä¸‹å¯é»˜è®¤å€¼å³å¯
  17:Core/Src/main.c **** 
  18:Core/Src/main.c ****     // 3. è®¾ç½®è¾“å‡ºé«˜ç”µå¹³ => å¸¸äº®
  19:Core/Src/main.c ****     //    è¿™é‡Œç›´æŽ¥å¾€BSRRçš„ä½Ž16ä½å†™1å³å¯æŠŠå¯¹åº”å¼•è„šç½®é«˜
  20:Core/Src/main.c ****     GPIOB->BSRR = (1U << 0)   // PB0
  50              		.loc 1 20 5 is_stmt 1 view .LVU7
  51              		.loc 1 20 17 is_stmt 0 view .LVU8
  52 0014 44F2C702 		movw	r2, #16583
  53 0018 9A61     		str	r2, [r3, #24]
  54              	.L2:
  21:Core/Src/main.c ****                 | (1U << 1)   // PB1
  22:Core/Src/main.c ****                 | (1U << 2)   // PB2
  23:Core/Src/main.c ****                 | (1U << 6)   // PB6
  24:Core/Src/main.c ****                 | (1U << 7)   // PB7
  25:Core/Src/main.c ****                 | (1U << 14); // PB14
  26:Core/Src/main.c **** 
  27:Core/Src/main.c ****     while(1)
  55              		.loc 1 27 5 is_stmt 1 view .LVU9
  28:Core/Src/main.c ****     {
  29:Core/Src/main.c ****         // ä»€ä¹ˆéƒ½ä¸åš
  30:Core/Src/main.c ****     }
  56              		.loc 1 30 5 view .LVU10
  27:Core/Src/main.c ****     {
  57              		.loc 1 27 10 view .LVU11
  58 001a FEE7     		b	.L2
  59              	.L4:
  60              		.align	2
  61              	.L3:
  62 001c 00380240 		.word	1073887232
  63 0020 00040240 		.word	1073873920
  64 0024 15500010 		.word	268455957
  65              		.cfi_endproc
  66              	.LFE130:
  68              		.text
  69              	.Letext0:
  70              		.file 2 "F:/STM32Tools/SysGCC/arm-none-eabi/include/machine/_default_types.h"
  71              		.file 3 "F:/STM32Tools/SysGCC/arm-none-eabi/include/sys/_stdint.h"
  72              		.file 4 "CMSIS/Devices/stm32f429xx.h"
ARM GAS  C:\Users\·¶\AppData\Local\Temp\ccbrpx9B.s 			page 3


DEFINED SYMBOLS
                            *ABS*:00000000 main.c
C:\Users\·¶\AppData\Local\Temp\ccbrpx9B.s:21     .text.main:00000000 $t
C:\Users\·¶\AppData\Local\Temp\ccbrpx9B.s:27     .text.main:00000000 main
C:\Users\·¶\AppData\Local\Temp\ccbrpx9B.s:62     .text.main:0000001c $d

NO UNDEFINED SYMBOLS
